This is pdfTeX, Version 3.141592653-2.6-1.40.24 (MiKTeX 22.8.28) (preloaded format=pdflatex 2022.10.4)  6 OCT 2022 23:09
entering extended mode
 restricted \write18 enabled.
 %&-line parsing enabled.
**./A1template.tex
(A1template.tex
LaTeX2e <2022-06-01> patch level 5
L3 programming layer <2022-08-30>
(C:\Users\Ali\AppData\Local\Programs\MiKTeX\tex/latex/base\article.cls
Document Class: article 2021/10/04 v1.4n Standard LaTeX document class
(C:\Users\Ali\AppData\Local\Programs\MiKTeX\tex/latex/base\size12.clo
File: size12.clo 2021/10/04 v1.4n Standard LaTeX file (size option)
)
\c@part=\count185
\c@section=\count186
\c@subsection=\count187
\c@subsubsection=\count188
\c@paragraph=\count189
\c@subparagraph=\count190
\c@figure=\count191
\c@table=\count192
\abovecaptionskip=\skip47
\belowcaptionskip=\skip48
\bibindent=\dimen138
)
(C:\Users\Ali\AppData\Local\Programs\MiKTeX\tex/latex/graphics\graphics.sty
Package: graphics 2022/03/10 v1.4e Standard LaTeX Graphics (DPC,SPQR)

(C:\Users\Ali\AppData\Local\Programs\MiKTeX\tex/latex/graphics\trig.sty
Package: trig 2021/08/11 v1.11 sin cos tan (DPC)
)
(C:\Users\Ali\AppData\Local\Programs\MiKTeX\tex/latex/graphics-cfg\graphics.cfg
File: graphics.cfg 2016/06/04 v1.11 sample graphics configuration
)
Package graphics Info: Driver file: pdftex.def on input line 107.
 (C:\Users\Ali\AppData\Local\Programs\MiKTeX\tex/latex/graphics-def\pdftex.def
File: pdftex.def 2020/10/05 v1.2a Graphics/color driver for pdftex
)) (C:\Users\Ali\AppData\Local\Programs\MiKTeX\tex/latex/geometry\geometry.sty
Package: geometry 2020/01/02 v5.9 Page Geometry

(C:\Users\Ali\AppData\Local\Programs\MiKTeX\tex/latex/graphics\keyval.sty
Package: keyval 2022/05/29 v1.15 key=value parser (DPC)
\KV@toks@=\toks16
)
(C:\Users\Ali\AppData\Local\Programs\MiKTeX\tex/generic/iftex\ifvtex.sty
Package: ifvtex 2019/10/25 v1.7 ifvtex legacy package. Use iftex instead.

(C:\Users\Ali\AppData\Local\Programs\MiKTeX\tex/generic/iftex\iftex.sty
Package: iftex 2022/02/03 v1.0f TeX engine tests
))
\Gm@cnth=\count193
\Gm@cntv=\count194
\c@Gm@tempcnt=\count195
\Gm@bindingoffset=\dimen139
\Gm@wd@mp=\dimen140
\Gm@odd@mp=\dimen141
\Gm@even@mp=\dimen142
\Gm@layoutwidth=\dimen143
\Gm@layoutheight=\dimen144
\Gm@layouthoffset=\dimen145
\Gm@layoutvoffset=\dimen146
\Gm@dimlist=\toks17

(C:\Users\Ali\AppData\Local\Programs\MiKTeX\tex/latex/geometry\geometry.cfg))
(C:\Users\Ali\AppData\Local\Programs\MiKTeX\tex/latex/base\alltt.sty
Package: alltt 2021/01/29 v2.0g defines alltt environment
)
(C:\Users\Ali\AppData\Local\Programs\MiKTeX\tex/latex/tools\array.sty
Package: array 2021/10/04 v2.5f Tabular extension package (FMi)
\col@sep=\dimen147
\ar@mcellbox=\box51
\extrarowheight=\dimen148
\NC@list=\toks18
\extratabsurround=\skip49
\backup@length=\skip50
\ar@cellbox=\box52
)
(C:\Users\Ali\AppData\Local\Programs\MiKTeX\tex/latex/graphics\graphicx.sty
Package: graphicx 2021/09/16 v1.2d Enhanced LaTeX Graphics (DPC,SPQR)
\Gin@req@height=\dimen149
\Gin@req@width=\dimen150
)
(C:\Users\Ali\AppData\Local\Programs\MiKTeX\tex/latex/tools\tabularx.sty
Package: tabularx 2020/01/15 v2.11c `tabularx' package (DPC)
\TX@col@width=\dimen151
\TX@old@table=\dimen152
\TX@old@col=\dimen153
\TX@target=\dimen154
\TX@delta=\dimen155
\TX@cols=\count196
\TX@ftn=\toks19
)
(C:\Users\Ali\AppData\Local\Programs\MiKTeX\tex/latex/tools\verbatim.sty
Package: verbatim 2020-07-07 v1.5u LaTeX2e package for verbatim enhancements
\every@verbatim=\toks20
\verbatim@line=\toks21
\verbatim@in@stream=\read2
)
(C:\Users\Ali\AppData\Local\Programs\MiKTeX\tex/latex/setspace\setspace.sty
Package: setspace 2011/12/19 v6.7a set line spacing
)
(C:\Users\Ali\AppData\Local\Programs\MiKTeX\tex/latex/listings\listings.sty
\lst@mode=\count197
\lst@gtempboxa=\box53
\lst@token=\toks22
\lst@length=\count198
\lst@currlwidth=\dimen156
\lst@column=\count199
\lst@pos=\count266
\lst@lostspace=\dimen157
\lst@width=\dimen158
\lst@newlines=\count267
\lst@lineno=\count268
\lst@maxwidth=\dimen159

(C:\Users\Ali\AppData\Local\Programs\MiKTeX\tex/latex/listings\lstmisc.sty
File: lstmisc.sty 2020/03/24 1.8d (Carsten Heinz)
\c@lstnumber=\count269
\lst@skipnumbers=\count270
\lst@framebox=\box54
)
(C:\Users\Ali\AppData\Local\Programs\MiKTeX\tex/latex/listings\listings.cfg
File: listings.cfg 2020/03/24 1.8d listings configuration
))
Package: listings 2020/03/24 1.8d (Carsten Heinz)

(C:\Users\Ali\AppData\Local\Programs\MiKTeX\tex/latex/amsfonts\amssymb.sty
Package: amssymb 2013/01/14 v3.01 AMS font symbols

(C:\Users\Ali\AppData\Local\Programs\MiKTeX\tex/latex/amsfonts\amsfonts.sty
Package: amsfonts 2013/01/14 v3.01 Basic AMSFonts support
\@emptytoks=\toks23
\symAMSa=\mathgroup4
\symAMSb=\mathgroup5
LaTeX Font Info:    Redeclaring math symbol \hbar on input line 98.
LaTeX Font Info:    Overwriting math alphabet `\mathfrak' in version `bold'
(Font)                  U/euf/m/n --> U/euf/b/n on input line 106.
))
(C:\Users\Ali\AppData\Local\Programs\MiKTeX\tex/latex/amsmath\amsmath.sty
Package: amsmath 2022/04/08 v2.17n AMS math features
\@mathmargin=\skip51

For additional information on amsmath, use the `?' option.
(C:\Users\Ali\AppData\Local\Programs\MiKTeX\tex/latex/amsmath\amstext.sty
Package: amstext 2021/08/26 v2.01 AMS text

(C:\Users\Ali\AppData\Local\Programs\MiKTeX\tex/latex/amsmath\amsgen.sty
File: amsgen.sty 1999/11/30 v2.0 generic functions
\@emptytoks=\toks24
\ex@=\dimen160
))
(C:\Users\Ali\AppData\Local\Programs\MiKTeX\tex/latex/amsmath\amsbsy.sty
Package: amsbsy 1999/11/29 v1.2d Bold Symbols
\pmbraise@=\dimen161
)
(C:\Users\Ali\AppData\Local\Programs\MiKTeX\tex/latex/amsmath\amsopn.sty
Package: amsopn 2022/04/08 v2.04 operator names
)
\inf@bad=\count271
LaTeX Info: Redefining \frac on input line 234.
\uproot@=\count272
\leftroot@=\count273
LaTeX Info: Redefining \overline on input line 399.
LaTeX Info: Redefining \colon on input line 410.
\classnum@=\count274
\DOTSCASE@=\count275
LaTeX Info: Redefining \ldots on input line 496.
LaTeX Info: Redefining \dots on input line 499.
LaTeX Info: Redefining \cdots on input line 620.
\Mathstrutbox@=\box55
\strutbox@=\box56
LaTeX Info: Redefining \big on input line 722.
LaTeX Info: Redefining \Big on input line 723.
LaTeX Info: Redefining \bigg on input line 724.
LaTeX Info: Redefining \Bigg on input line 725.
\big@size=\dimen162
LaTeX Font Info:    Redeclaring font encoding OML on input line 743.
LaTeX Font Info:    Redeclaring font encoding OMS on input line 744.
\macc@depth=\count276
LaTeX Info: Redefining \bmod on input line 905.
LaTeX Info: Redefining \pmod on input line 910.
LaTeX Info: Redefining \smash on input line 940.
LaTeX Info: Redefining \relbar on input line 970.
LaTeX Info: Redefining \Relbar on input line 971.
\c@MaxMatrixCols=\count277
\dotsspace@=\muskip16
\c@parentequation=\count278
\dspbrk@lvl=\count279
\tag@help=\toks25
\row@=\count280
\column@=\count281
\maxfields@=\count282
\andhelp@=\toks26
\eqnshift@=\dimen163
\alignsep@=\dimen164
\tagshift@=\dimen165
\tagwidth@=\dimen166
\totwidth@=\dimen167
\lineht@=\dimen168
\@envbody=\toks27
\multlinegap=\skip52
\multlinetaggap=\skip53
\mathdisplay@stack=\toks28
LaTeX Info: Redefining \[ on input line 2953.
LaTeX Info: Redefining \] on input line 2954.
)
(C:\Users\Ali\AppData\Local\Programs\MiKTeX\tex/latex/amscls\amsthm.sty
Package: amsthm 2020/05/29 v2.20.6
\thm@style=\toks29
\thm@bodyfont=\toks30
\thm@headfont=\toks31
\thm@notefont=\toks32
\thm@headpunct=\toks33
\thm@preskip=\skip54
\thm@postskip=\skip55
\thm@headsep=\skip56
\dth@everypar=\toks34
)
(C:\Users\Ali\AppData\Local\Programs\MiKTeX\tex/latex/zed-csp\zed-csp.sty
Package: zed-csp 95/01/11 0c zed-csp package
\c@mv@zed=\count283
LaTeX Font Info:    Overwriting math alphabet `\mathrm' in version `zed'
(Font)                  OT1/cmr/m/n --> OT1/cmr/m/n on input line 86.
LaTeX Font Info:    Overwriting math alphabet `\mathbf' in version `zed'
(Font)                  OT1/cmr/bx/n --> OT1/cmr/bx/n on input line 86.
LaTeX Font Info:    Overwriting math alphabet `\mathsf' in version `zed'
(Font)                  OT1/cmss/m/n --> OT1/cmss/m/n on input line 86.
\symitalics=\mathgroup6
LaTeX Font Info:    Redeclaring math alphabet \mathrm on input line 86.
LaTeX Font Info:    Redeclaring math alphabet \mathit on input line 86.
\symlasy=\mathgroup7
LaTeX Font Info:    Redeclaring symbol font `AMSa' on input line 86.
LaTeX Font Info:    Overwriting symbol font `AMSa' in version `normal'
(Font)                  U/msa/m/n --> U/msa/m/n on input line 86.
LaTeX Font Info:    Overwriting symbol font `AMSa' in version `bold'
(Font)                  U/msa/m/n --> U/msa/m/n on input line 86.
LaTeX Font Info:    Overwriting symbol font `AMSa' in version `zed'
(Font)                  U/msa/m/n --> U/msa/m/n on input line 86.
LaTeX Font Info:    Redeclaring symbol font `AMSb' on input line 86.
LaTeX Font Info:    Overwriting symbol font `AMSb' in version `normal'
(Font)                  U/msb/m/n --> U/msb/m/n on input line 86.
LaTeX Font Info:    Overwriting symbol font `AMSb' in version `bold'
(Font)                  U/msb/m/n --> U/msb/m/n on input line 86.
LaTeX Font Info:    Overwriting symbol font `AMSb' in version `zed'
(Font)                  U/msb/m/n --> U/msb/m/n on input line 86.
LaTeX Font Info:    Redeclaring math symbol \boxdot on input line 308.
LaTeX Font Info:    Redeclaring math symbol \boxplus on input line 308.
LaTeX Font Info:    Redeclaring math symbol \boxtimes on input line 308.
LaTeX Font Info:    Redeclaring math symbol \square on input line 308.
LaTeX Font Info:    Redeclaring math symbol \blacksquare on input line 308.
LaTeX Font Info:    Redeclaring math symbol \centerdot on input line 308.
LaTeX Font Info:    Redeclaring math symbol \lozenge on input line 308.
LaTeX Font Info:    Redeclaring math symbol \blacklozenge on input line 308.
LaTeX Font Info:    Redeclaring math symbol \circlearrowright on input line 308
.
LaTeX Font Info:    Redeclaring math symbol \circlearrowleft on input line 308.

LaTeX Font Info:    Redeclaring math symbol \leftrightharpoons on input line 30
8.
LaTeX Font Info:    Redeclaring math symbol \boxminus on input line 308.
LaTeX Font Info:    Redeclaring math symbol \Vdash on input line 308.
LaTeX Font Info:    Redeclaring math symbol \Vvdash on input line 308.
LaTeX Font Info:    Redeclaring math symbol \vDash on input line 308.
LaTeX Font Info:    Redeclaring math symbol \twoheadrightarrow on input line 30
8.
LaTeX Font Info:    Redeclaring math symbol \twoheadleftarrow on input line 308
.
LaTeX Font Info:    Redeclaring math symbol \leftleftarrows on input line 308.
LaTeX Font Info:    Redeclaring math symbol \rightrightarrows on input line 308
.
LaTeX Font Info:    Redeclaring math symbol \upuparrows on input line 308.
LaTeX Font Info:    Redeclaring math symbol \downdownarrows on input line 308.
LaTeX Font Info:    Redeclaring math symbol \upharpoonright on input line 308.
LaTeX Font Info:    Redeclaring math symbol \downharpoonright on input line 308
.
LaTeX Font Info:    Redeclaring math symbol \upharpoonleft on input line 308.
LaTeX Font Info:    Redeclaring math symbol \downharpoonleft on input line 308.

LaTeX Font Info:    Redeclaring math symbol \rightarrowtail on input line 308.
LaTeX Font Info:    Redeclaring math symbol \leftarrowtail on input line 308.
LaTeX Font Info:    Redeclaring math symbol \leftrightarrows on input line 308.

LaTeX Font Info:    Redeclaring math symbol \rightleftarrows on input line 308.

LaTeX Font Info:    Redeclaring math symbol \Lsh on input line 308.
LaTeX Font Info:    Redeclaring math symbol \Rsh on input line 308.
LaTeX Font Info:    Redeclaring math symbol \rightsquigarrow on input line 308.

LaTeX Font Info:    Redeclaring math symbol \leftrightsquigarrow on input line 
308.
LaTeX Font Info:    Redeclaring math symbol \looparrowleft on input line 308.
LaTeX Font Info:    Redeclaring math symbol \looparrowright on input line 308.
LaTeX Font Info:    Redeclaring math symbol \circeq on input line 308.
LaTeX Font Info:    Redeclaring math symbol \succsim on input line 308.
LaTeX Font Info:    Redeclaring math symbol \gtrsim on input line 308.
LaTeX Font Info:    Redeclaring math symbol \gtrapprox on input line 308.
LaTeX Font Info:    Redeclaring math symbol \multimap on input line 308.
LaTeX Font Info:    Redeclaring math symbol \therefore on input line 308.
LaTeX Font Info:    Redeclaring math symbol \because on input line 308.
LaTeX Font Info:    Redeclaring math symbol \doteqdot on input line 308.
LaTeX Font Info:    Redeclaring math symbol \triangleq on input line 308.
LaTeX Font Info:    Redeclaring math symbol \precsim on input line 308.
LaTeX Font Info:    Redeclaring math symbol \lesssim on input line 308.
LaTeX Font Info:    Redeclaring math symbol \lessapprox on input line 308.
LaTeX Font Info:    Redeclaring math symbol \eqslantless on input line 308.
LaTeX Font Info:    Redeclaring math symbol \eqslantgtr on input line 308.
LaTeX Font Info:    Redeclaring math symbol \curlyeqprec on input line 308.
LaTeX Font Info:    Redeclaring math symbol \curlyeqsucc on input line 308.
LaTeX Font Info:    Redeclaring math symbol \preccurlyeq on input line 308.
LaTeX Font Info:    Redeclaring math symbol \leqq on input line 308.
LaTeX Font Info:    Redeclaring math symbol \leqslant on input line 308.
LaTeX Font Info:    Redeclaring math symbol \lessgtr on input line 308.
LaTeX Font Info:    Redeclaring math symbol \backprime on input line 308.
LaTeX Font Info:    Redeclaring math symbol \risingdotseq on input line 308.
LaTeX Font Info:    Redeclaring math symbol \fallingdotseq on input line 308.
LaTeX Font Info:    Redeclaring math symbol \succcurlyeq on input line 308.
LaTeX Font Info:    Redeclaring math symbol \geqq on input line 308.
LaTeX Font Info:    Redeclaring math symbol \geqslant on input line 308.
LaTeX Font Info:    Redeclaring math symbol \gtrless on input line 308.
LaTeX Font Info:    Redeclaring math symbol \sqsubset on input line 308.
LaTeX Font Info:    Redeclaring math symbol \sqsupset on input line 308.
LaTeX Font Info:    Redeclaring math symbol \vartriangleright on input line 308
.
LaTeX Font Info:    Redeclaring math symbol \vartriangleleft on input line 308.

LaTeX Font Info:    Redeclaring math symbol \trianglerighteq on input line 308.

LaTeX Font Info:    Redeclaring math symbol \trianglelefteq on input line 308.
LaTeX Font Info:    Redeclaring math symbol \bigstar on input line 308.
LaTeX Font Info:    Redeclaring math symbol \between on input line 308.
LaTeX Font Info:    Redeclaring math symbol \blacktriangledown on input line 30
8.
LaTeX Font Info:    Redeclaring math symbol \blacktriangleright on input line 3
08.
LaTeX Font Info:    Redeclaring math symbol \blacktriangleleft on input line 30
8.
LaTeX Font Info:    Redeclaring math symbol \vartriangle on input line 308.
LaTeX Font Info:    Redeclaring math symbol \blacktriangle on input line 308.
LaTeX Font Info:    Redeclaring math symbol \triangledown on input line 308.
LaTeX Font Info:    Redeclaring math symbol \eqcirc on input line 308.
LaTeX Font Info:    Redeclaring math symbol \lesseqgtr on input line 308.
LaTeX Font Info:    Redeclaring math symbol \gtreqless on input line 308.
LaTeX Font Info:    Redeclaring math symbol \lesseqqgtr on input line 308.
LaTeX Font Info:    Redeclaring math symbol \gtreqqless on input line 308.
LaTeX Font Info:    Redeclaring math symbol \Rrightarrow on input line 308.
LaTeX Font Info:    Redeclaring math symbol \Lleftarrow on input line 308.
LaTeX Font Info:    Redeclaring math symbol \veebar on input line 308.
LaTeX Font Info:    Redeclaring math symbol \barwedge on input line 308.
LaTeX Font Info:    Redeclaring math symbol \doublebarwedge on input line 308.
LaTeX Font Info:    Redeclaring math symbol \measuredangle on input line 308.
LaTeX Font Info:    Redeclaring math symbol \sphericalangle on input line 308.
LaTeX Font Info:    Redeclaring math symbol \varpropto on input line 308.
LaTeX Font Info:    Redeclaring math symbol \smallsmile on input line 308.
LaTeX Font Info:    Redeclaring math symbol \smallfrown on input line 308.
LaTeX Font Info:    Redeclaring math symbol \Subset on input line 308.
LaTeX Font Info:    Redeclaring math symbol \Supset on input line 308.
LaTeX Font Info:    Redeclaring math symbol \Cup on input line 308.
LaTeX Font Info:    Redeclaring math symbol \Cap on input line 308.
LaTeX Font Info:    Redeclaring math symbol \curlywedge on input line 308.
LaTeX Font Info:    Redeclaring math symbol \curlyvee on input line 308.
LaTeX Font Info:    Redeclaring math symbol \leftthreetimes on input line 308.
LaTeX Font Info:    Redeclaring math symbol \rightthreetimes on input line 308.

LaTeX Font Info:    Redeclaring math symbol \subseteqq on input line 308.
LaTeX Font Info:    Redeclaring math symbol \supseteqq on input line 308.
LaTeX Font Info:    Redeclaring math symbol \bumpeq on input line 308.
LaTeX Font Info:    Redeclaring math symbol \Bumpeq on input line 308.
LaTeX Font Info:    Redeclaring math symbol \lll on input line 308.
LaTeX Font Info:    Redeclaring math symbol \ggg on input line 308.
LaTeX Font Info:    Redeclaring math delimiter \ulcorner on input line 308.
LaTeX Font Info:    Redeclaring math delimiter \urcorner on input line 308.
LaTeX Font Info:    Redeclaring math delimiter \llcorner on input line 308.
LaTeX Font Info:    Redeclaring math delimiter \lrcorner on input line 308.
LaTeX Font Info:    Redeclaring math symbol \circledS on input line 308.
LaTeX Font Info:    Redeclaring math symbol \pitchfork on input line 308.
LaTeX Font Info:    Redeclaring math symbol \dotplus on input line 308.
LaTeX Font Info:    Redeclaring math symbol \backsim on input line 308.
LaTeX Font Info:    Redeclaring math symbol \backsimeq on input line 308.
LaTeX Font Info:    Redeclaring math symbol \complement on input line 308.
LaTeX Font Info:    Redeclaring math symbol \intercal on input line 308.
LaTeX Font Info:    Redeclaring math symbol \circledcirc on input line 308.
LaTeX Font Info:    Redeclaring math symbol \circledast on input line 308.
LaTeX Font Info:    Redeclaring math symbol \circleddash on input line 308.
LaTeX Font Info:    Redeclaring math symbol \lvertneqq on input line 308.
LaTeX Font Info:    Redeclaring math symbol \gvertneqq on input line 308.
LaTeX Font Info:    Redeclaring math symbol \nleq on input line 308.
LaTeX Font Info:    Redeclaring math symbol \ngeq on input line 308.
LaTeX Font Info:    Redeclaring math symbol \nless on input line 308.
LaTeX Font Info:    Redeclaring math symbol \ngtr on input line 308.
LaTeX Font Info:    Redeclaring math symbol \nprec on input line 308.
LaTeX Font Info:    Redeclaring math symbol \nsucc on input line 308.
LaTeX Font Info:    Redeclaring math symbol \lneqq on input line 308.
LaTeX Font Info:    Redeclaring math symbol \gneqq on input line 308.
LaTeX Font Info:    Redeclaring math symbol \nleqslant on input line 308.
LaTeX Font Info:    Redeclaring math symbol \ngeqslant on input line 308.
LaTeX Font Info:    Redeclaring math symbol \lneq on input line 308.
LaTeX Font Info:    Redeclaring math symbol \gneq on input line 308.
LaTeX Font Info:    Redeclaring math symbol \npreceq on input line 308.
LaTeX Font Info:    Redeclaring math symbol \nsucceq on input line 308.
LaTeX Font Info:    Redeclaring math symbol \precnsim on input line 308.
LaTeX Font Info:    Redeclaring math symbol \succnsim on input line 308.
LaTeX Font Info:    Redeclaring math symbol \lnsim on input line 308.
LaTeX Font Info:    Redeclaring math symbol \gnsim on input line 308.
LaTeX Font Info:    Redeclaring math symbol \nleqq on input line 308.
LaTeX Font Info:    Redeclaring math symbol \ngeqq on input line 308.
LaTeX Font Info:    Redeclaring math symbol \precneqq on input line 308.
LaTeX Font Info:    Redeclaring math symbol \succneqq on input line 308.
LaTeX Font Info:    Redeclaring math symbol \precnapprox on input line 308.
LaTeX Font Info:    Redeclaring math symbol \succnapprox on input line 308.
LaTeX Font Info:    Redeclaring math symbol \lnapprox on input line 308.
LaTeX Font Info:    Redeclaring math symbol \gnapprox on input line 308.
LaTeX Font Info:    Redeclaring math symbol \nsim on input line 308.
LaTeX Font Info:    Redeclaring math symbol \ncong on input line 308.
LaTeX Font Info:    Redeclaring math symbol \varsubsetneq on input line 308.
LaTeX Font Info:    Redeclaring math symbol \varsupsetneq on input line 308.
LaTeX Font Info:    Redeclaring math symbol \nsubseteqq on input line 308.
LaTeX Font Info:    Redeclaring math symbol \nsupseteqq on input line 308.
LaTeX Font Info:    Redeclaring math symbol \subsetneqq on input line 308.
LaTeX Font Info:    Redeclaring math symbol \supsetneqq on input line 308.
LaTeX Font Info:    Redeclaring math symbol \varsubsetneqq on input line 308.
LaTeX Font Info:    Redeclaring math symbol \varsupsetneqq on input line 308.
LaTeX Font Info:    Redeclaring math symbol \subsetneq on input line 308.
LaTeX Font Info:    Redeclaring math symbol \supsetneq on input line 308.
LaTeX Font Info:    Redeclaring math symbol \nsubseteq on input line 308.
LaTeX Font Info:    Redeclaring math symbol \nsupseteq on input line 308.
LaTeX Font Info:    Redeclaring math symbol \nparallel on input line 308.
LaTeX Font Info:    Redeclaring math symbol \nmid on input line 308.
LaTeX Font Info:    Redeclaring math symbol \nshortmid on input line 308.
LaTeX Font Info:    Redeclaring math symbol \nshortparallel on input line 308.
LaTeX Font Info:    Redeclaring math symbol \nvdash on input line 308.
LaTeX Font Info:    Redeclaring math symbol \nVdash on input line 308.
LaTeX Font Info:    Redeclaring math symbol \nvDash on input line 308.
LaTeX Font Info:    Redeclaring math symbol \nVDash on input line 308.
LaTeX Font Info:    Redeclaring math symbol \ntrianglerighteq on input line 308
.
LaTeX Font Info:    Redeclaring math symbol \ntrianglelefteq on input line 308.

LaTeX Font Info:    Redeclaring math symbol \ntriangleleft on input line 308.
LaTeX Font Info:    Redeclaring math symbol \ntriangleright on input line 308.
LaTeX Font Info:    Redeclaring math symbol \nleftarrow on input line 308.
LaTeX Font Info:    Redeclaring math symbol \nrightarrow on input line 308.
LaTeX Font Info:    Redeclaring math symbol \nLeftarrow on input line 308.
LaTeX Font Info:    Redeclaring math symbol \nRightarrow on input line 308.
LaTeX Font Info:    Redeclaring math symbol \nLeftrightarrow on input line 308.

LaTeX Font Info:    Redeclaring math symbol \nleftrightarrow on input line 308.

LaTeX Font Info:    Redeclaring math symbol \divideontimes on input line 308.
LaTeX Font Info:    Redeclaring math symbol \varnothing on input line 308.
LaTeX Font Info:    Redeclaring math symbol \mho on input line 308.
LaTeX Font Info:    Redeclaring math symbol \eth on input line 308.
LaTeX Font Info:    Redeclaring math symbol \eqsim on input line 308.
LaTeX Font Info:    Redeclaring math symbol \beth on input line 308.
LaTeX Font Info:    Redeclaring math symbol \gimel on input line 308.
LaTeX Font Info:    Redeclaring math symbol \daleth on input line 308.
LaTeX Font Info:    Redeclaring math symbol \lessdot on input line 308.
LaTeX Font Info:    Redeclaring math symbol \gtrdot on input line 308.
LaTeX Font Info:    Redeclaring math symbol \ltimes on input line 308.
LaTeX Font Info:    Redeclaring math symbol \rtimes on input line 308.
LaTeX Font Info:    Redeclaring math symbol \shortmid on input line 308.
LaTeX Font Info:    Redeclaring math symbol \shortparallel on input line 308.
LaTeX Font Info:    Redeclaring math symbol \smallsetminus on input line 308.
LaTeX Font Info:    Redeclaring math symbol \thicksim on input line 308.
LaTeX Font Info:    Redeclaring math symbol \thickapprox on input line 308.
LaTeX Font Info:    Redeclaring math symbol \approxeq on input line 308.
LaTeX Font Info:    Redeclaring math symbol \succapprox on input line 308.
LaTeX Font Info:    Redeclaring math symbol \precapprox on input line 308.
LaTeX Font Info:    Redeclaring math symbol \curvearrowleft on input line 308.
LaTeX Font Info:    Redeclaring math symbol \curvearrowright on input line 308.

LaTeX Font Info:    Redeclaring math symbol \digamma on input line 308.
LaTeX Font Info:    Redeclaring math symbol \varkappa on input line 308.
LaTeX Font Info:    Redeclaring math symbol \hslash on input line 308.
LaTeX Font Info:    Redeclaring math symbol \hbar on input line 308.
LaTeX Font Info:    Redeclaring math symbol \backepsilon on input line 308.
\zedindent=\dimen169
\zedleftsep=\dimen170
\zedtab=\dimen171
\zedbar=\dimen172
\zedskip=\skip57
\interzedlinepenalty=\count284
\preboxpenalty=\count285
)
(C:\Users\Ali\AppData\Local\Programs\MiKTeX\tex/latex/titlepic\titlepic.sty
Package: titlepic 2017/03/14 1.2 Package to display a picture on the title page

)
(C:\Users\Ali\AppData\Local\Programs\MiKTeX\tex/latex/l3backend\l3backend-pdfte
x.def
File: l3backend-pdftex.def 2022-08-30 L3 backend support: PDF output (pdfTeX)
\l__color_backend_stack_int=\count286
\l__pdf_internal_box=\box57
) (A1template.aux)
\openout1 = `A1template.aux'.

LaTeX Font Info:    Checking defaults for OML/cmm/m/it on input line 24.
LaTeX Font Info:    ... okay on input line 24.
LaTeX Font Info:    Checking defaults for OMS/cmsy/m/n on input line 24.
LaTeX Font Info:    ... okay on input line 24.
LaTeX Font Info:    Checking defaults for OT1/cmr/m/n on input line 24.
LaTeX Font Info:    ... okay on input line 24.
LaTeX Font Info:    Checking defaults for T1/cmr/m/n on input line 24.
LaTeX Font Info:    ... okay on input line 24.
LaTeX Font Info:    Checking defaults for TS1/cmr/m/n on input line 24.
LaTeX Font Info:    ... okay on input line 24.
LaTeX Font Info:    Checking defaults for OMX/cmex/m/n on input line 24.
LaTeX Font Info:    ... okay on input line 24.
LaTeX Font Info:    Checking defaults for U/cmr/m/n on input line 24.
LaTeX Font Info:    ... okay on input line 24.

(C:\Users\Ali\AppData\Local\Programs\MiKTeX\tex/context/base/mkii\supp-pdf.mkii
[Loading MPS to PDF converter (version 2006.09.02).]
\scratchcounter=\count287
\scratchdimen=\dimen173
\scratchbox=\box58
\nofMPsegments=\count288
\nofMParguments=\count289
\everyMPshowfont=\toks35
\MPscratchCnt=\count290
\MPscratchDim=\dimen174
\MPnumerator=\count291
\makeMPintoPDFobject=\count292
\everyMPtoPDFconversion=\toks36
)
(C:\Users\Ali\AppData\Local\Programs\MiKTeX\tex/latex/epstopdf-pkg\epstopdf-bas
e.sty
Package: epstopdf-base 2020-01-24 v2.11 Base part for package epstopdf

(C:\Users\Ali\AppData\Local\Programs\MiKTeX\tex/generic/infwarerr\infwarerr.sty
Package: infwarerr 2019/12/03 v1.5 Providing info/warning/error messages (HO)
) (C:\Users\Ali\AppData\Local\Programs\MiKTeX\tex/latex/grfext\grfext.sty
Package: grfext 2019/12/03 v1.3 Manage graphics extensions (HO)

(C:\Users\Ali\AppData\Local\Programs\MiKTeX\tex/generic/kvdefinekeys\kvdefineke
ys.sty
Package: kvdefinekeys 2019-12-19 v1.6 Define keys (HO)
))
(C:\Users\Ali\AppData\Local\Programs\MiKTeX\tex/latex/kvoptions\kvoptions.sty
Package: kvoptions 2022-06-15 v3.15 Key value format for package options (HO)

(C:\Users\Ali\AppData\Local\Programs\MiKTeX\tex/generic/ltxcmds\ltxcmds.sty
Package: ltxcmds 2020-05-10 v1.25 LaTeX kernel commands for general use (HO)
)
(C:\Users\Ali\AppData\Local\Programs\MiKTeX\tex/generic/kvsetkeys\kvsetkeys.sty
Package: kvsetkeys 2019/12/15 v1.18 Key value parser (HO)
))
(C:\Users\Ali\AppData\Local\Programs\MiKTeX\tex/generic/pdftexcmds\pdftexcmds.s
ty
Package: pdftexcmds 2020-06-27 v0.33 Utility functions of pdfTeX for LuaTeX (HO
)
Package pdftexcmds Info: \pdf@primitive is available.
Package pdftexcmds Info: \pdf@ifprimitive is available.
Package pdftexcmds Info: \pdfdraftmode found.
)
Package epstopdf-base Info: Redefining graphics rule for `.eps' on input line 4
85.
Package grfext Info: Graphics extension search list:
(grfext)             [.pdf,.png,.jpg,.mps,.jpeg,.jbig2,.jb2,.PDF,.PNG,.JPG,.JPE
G,.JBIG2,.JB2,.eps]
(grfext)             \AppendGraphicsExtensions on input line 504.

(C:\Users\Ali\AppData\Local\Programs\MiKTeX\tex/latex/00miktex\epstopdf-sys.cfg
File: epstopdf-sys.cfg 2021/03/18 v2.0 Configuration of epstopdf for MiKTeX
))
*geometry* driver: auto-detecting
*geometry* detected driver: pdftex
*geometry* verbose mode - [ preamble ] result:
* driver: pdftex
* paper: <default>
* layout: <same size as paper>
* layoutoffset:(h,v)=(0.0pt,0.0pt)
* modes: 
* h-part:(L,W,R)=(72.26999pt, 469.75502pt, 72.26999pt)
* v-part:(T,H,B)=(72.26999pt, 650.43001pt, 72.26999pt)
* \paperwidth=614.295pt
* \paperheight=794.96999pt
* \textwidth=469.75502pt
* \textheight=650.43001pt
* \oddsidemargin=0.0pt
* \evensidemargin=0.0pt
* \topmargin=-37.0pt
* \headheight=12.0pt
* \headsep=25.0pt
* \topskip=12.0pt
* \footskip=30.0pt
* \marginparwidth=44.0pt
* \marginparsep=10.0pt
* \columnsep=10.0pt
* \skip\footins=10.8pt plus 4.0pt minus 2.0pt
* \hoffset=0.0pt
* \voffset=0.0pt
* \mag=1000
* \@twocolumnfalse
* \@twosidefalse
* \@mparswitchfalse
* \@reversemarginfalse
* (1in=72.27pt=25.4mm, 1cm=28.453pt)

\c@lstlisting=\count293

! LaTeX Error: There's no line here to end.

See the LaTeX manual or LaTeX Companion for explanation.
Type  H <return>  for immediate help.
 ...                                              
                                                  
l.25 \maketitle
               
Your command was ignored.
Type  I <command> <return>  to replace it with another command,
or  <return>  to continue without it.

LaTeX Font Info:    Trying to load font information for U+msa on input line 25.

(C:\Users\Ali\AppData\Local\Programs\MiKTeX\tex/latex/amsfonts\umsa.fd
File: umsa.fd 2013/01/14 v3.01 AMS symbols A
)
LaTeX Font Info:    Trying to load font information for U+msb on input line 25.


(C:\Users\Ali\AppData\Local\Programs\MiKTeX\tex/latex/amsfonts\umsb.fd
File: umsb.fd 2013/01/14 v3.01 AMS symbols B
)
LaTeX Font Info:    Trying to load font information for U+lasy on input line 25
.

(C:\Users\Ali\AppData\Local\Programs\MiKTeX\tex/latex/base\ulasy.fd
File: ulasy.fd 1998/08/17 v2.2e LaTeX symbol font definitions
)
! Extra alignment tab has been changed to \cr.
<recently read> \endtemplate 
                             
l.25 \maketitle
               
You have given more \span or & marks than there were
in the preamble to the \halign or \valign now in progress.
So I'll assume that you meant to type \cr instead.

! Misplaced alignment tab character &.
<recently read> &
                 
l.25 \maketitle
               
I can't figure out why you would want to use a tab mark
here. If you just want an ampersand, the remedy is
simple: Just type `I\&' now. But if some right brace
up above has ended a previous alignment prematurely,
you're probably due for more error messages, and you
might try typing `S' now just to see what is salvageable.

[1

{C:/Users/Ali/AppData/Local/MiKTeX/fonts/map/pdftex/pdftex.map}]
(A1template.toc)
\tf@toc=\write3
\openout3 = `A1template.toc'.

 [2] (Problem1.tex
! Undefined control sequence.
l.8 \noident
             \textit{''[person] a has received a request from [person] b to ...
The control sequence at the end of the top line
of your error message was never \def'ed. If you have
misspelled it (e.g., `\hobx'), type `I' and the correct
spelling (e.g., `I\hbox'). Otherwise just continue,
and I'll forget about whatever was undefined.


Underfull \hbox (badness 10000) in paragraph at lines 19--24

 []

[3]) (Problem2.tex [4]
Underfull \hbox (badness 10000) in paragraph at lines 16--17

 []

[5]) (Problem3.tex
LaTeX Font Info:    Trying to load font information for OMS+cmr on input line 7
.

(C:\Users\Ali\AppData\Local\Programs\MiKTeX\tex/latex/base\omscmr.fd
File: omscmr.fd 2019/12/16 v2.5j Standard LaTeX font definitions
)
LaTeX Font Info:    Font shape `OMS/cmr/m/n' in size <12> not available
(Font)              Font shape `OMS/cmsy/m/n' tried instead on input line 7.

Underfull \hbox (badness 10000) in paragraph at lines 13--15

 []


Underfull \hbox (badness 10000) in paragraph at lines 15--17

 []


Underfull \hbox (badness 10000) in paragraph at lines 17--19

 []


Underfull \hbox (badness 10000) in paragraph at lines 19--21

 []


Underfull \hbox (badness 10000) in paragraph at lines 21--23

 []

[6]
Underfull \hbox (badness 10000) in paragraph at lines 23--25

 []


Underfull \hbox (badness 10000) in paragraph at lines 25--27

 []


Underfull \hbox (badness 10000) in paragraph at lines 27--29

 []


Underfull \hbox (badness 10000) in paragraph at lines 29--31

 []


Overfull \hbox (30.01656pt too wide) in paragraph at lines 31--33
[]\OT1/cmr/m/n/12 If we de-fine vari-able $[] : \U/msb/m/n/12 P\OT1/cmr/m/it/12
 OS$\OT1/cmr/m/n/12 , is $\OMS/cmsy/m/n/12 fg$ \OT1/cmr/m/n/12 a le-git-i-mate 
value for vari-able $[]$?
 []


Underfull \hbox (badness 10000) in paragraph at lines 31--33

 []

LaTeX Font Info:    Font shape `OMS/cmr/m/it' in size <12> not available
(Font)              Font shape `OMS/cmsy/m/n' tried instead on input line 33.

Underfull \hbox (badness 10000) in paragraph at lines 33--35

 []


Underfull \hbox (badness 10000) in paragraph at lines 35--37

 []


Underfull \hbox (badness 10000) in paragraph at lines 37--39

 []

[7]
Underfull \hbox (badness 10000) in paragraph at lines 39--41

 []

) (Problem4.tex
Underfull \hbox (badness 10000) in paragraph at lines 15--17

 []


Underfull \hbox (badness 10000) in paragraph at lines 29--31

 []

[8]
Underfull \hbox (badness 10000) in paragraph at lines 31--33

 []


Underfull \hbox (badness 10000) in paragraph at lines 33--36

 []


Underfull \hbox (badness 10000) in paragraph at lines 36--39

 []


Underfull \hbox (badness 10000) in paragraph at lines 39--41

 []


Underfull \hbox (badness 10000) in paragraph at lines 45--47

 []


Underfull \hbox (badness 10000) in paragraph at lines 47--49

 []

[9]
Underfull \hbox (badness 10000) in paragraph at lines 49--51

 []

) (Problem5.tex) [10] (A1template.aux) ) 
Here is how much of TeX's memory you used:
 5790 strings out of 475389
 90474 string characters out of 2777944
 434414 words of memory out of 3000000
 27056 multiletter control sequences out of 15000+600000
 481392 words of font info for 76 fonts, out of 8000000 for 9000
 1141 hyphenation exceptions out of 8191
 60i,7n,67p,274b,1511s stack positions out of 10000i,1000n,20000p,200000b,80000s
 <C:\Users\Ali\AppData\Local\MiKTeX\fon
ts/pk/ljfour/jknappen/ec/dpi600\tcrm1200.pk><C:/Users/Ali/AppData/Local/Program
s/MiKTeX/fonts/type1/public/amsfonts/cm/cmbx12.pfb><C:/Users/Ali/AppData/Local/
Programs/MiKTeX/fonts/type1/public/amsfonts/cm/cmmi12.pfb><C:/Users/Ali/AppData
/Local/Programs/MiKTeX/fonts/type1/public/amsfonts/cm/cmr12.pfb><C:/Users/Ali/A
ppData/Local/Programs/MiKTeX/fonts/type1/public/amsfonts/cm/cmr17.pfb><C:/Users
/Ali/AppData/Local/Programs/MiKTeX/fonts/type1/public/amsfonts/cm/cmsy10.pfb><C
:/Users/Ali/AppData/Local/Programs/MiKTeX/fonts/type1/public/amsfonts/cm/cmti12
.pfb><C:/Users/Ali/AppData/Local/Programs/MiKTeX/fonts/type1/public/amsfonts/sy
mbols/msbm10.pfb>
Output written on A1template.pdf (10 pages, 110867 bytes).
PDF statistics:
 75 PDF objects out of 1000 (max. 8388607)
 0 named destinations out of 1000 (max. 500000)
 1 words of extra memory for PDF output out of 10000 (max. 10000000)

